<?xml version="1.0" encoding="UTF-8"?>
<!-- Generated by org.testng.reporters.JUnitXMLReporter -->
<testsuite ignored="4" hostname="DESKTOP-T4AH2G5" failures="2" tests="2" name="RediffTest" time="0.144" errors="0" timestamp="21 Jan 2024 07:12:07 GMT">
  <testcase classname="verify_function.Porfoli_Management" name="create_portfolio" time="0.008">
    <failure type="java.lang.NullPointerException" message="Cannot invoke &amp;quot;functionality.Application_function.click(String)&amp;quot; because &amp;quot;this.ap&amp;quot; is null">
      <![CDATA[java.lang.NullPointerException: Cannot invoke "functionality.Application_function.click(String)" because "this.ap" is null
at verify_function.Porfoli_Management.create_portfolio(Porfoli_Management.java:9)
... Removed 25 stack frames]]>
    </failure>
  </testcase> <!-- create_portfolio -->
  <testcase classname="verify_function.User_session" name="do_login" time="0.003">
    <failure type="java.lang.NullPointerException" message="Cannot invoke &amp;quot;java.util.Properties.getProperty(String)&amp;quot; because &amp;quot;this.uatprop&amp;quot; is null">
      <![CDATA[java.lang.NullPointerException: Cannot invoke "java.util.Properties.getProperty(String)" because "this.uatprop" is null
at functionality.Generic_function.open_browser(Generic_function.java:24)
at verify_function.User_session.do_login(User_session.java:11)
... Removed 25 stack frames]]>
    </failure>
  </testcase> <!-- do_login -->
  <testcase classname="verify_function.User_session" name="do_logout" time="0.0">
    <ignored/>
  </testcase> <!-- do_logout -->
  <testcase classname="verify_function.Porfoli_Management" name="update_portfolio" time="0.0">
    <ignored/>
  </testcase> <!-- update_portfolio -->
  <testcase classname="verify_function.Base_class" name="@BeforeTest beforeTest" time="0.0">
    <ignored/>
  </testcase> <!-- @BeforeTest beforeTest -->
  <testcase classname="verify_function.Porfoli_Management" name="delete_portfolio" time="0.0">
    <ignored/>
  </testcase> <!-- delete_portfolio -->
</testsuite> <!-- RediffTest -->
